Copyright 1986-2016 Xilinx, Inc. All Rights Reserved.
-------------------------------------------------------------------------------------------------
| Tool Version : Vivado v.2016.2 (win64) Build 1577090 Thu Jun  2 16:32:40 MDT 2016
| Date         : Thu Dec 15 16:28:37 2016
| Host         : DESKTOP-MH958P1 running 64-bit major release  (build 9200)
| Command      : report_control_sets -verbose -file pwm_design_1_wrapper_control_sets_placed.rpt
| Design       : pwm_design_1_wrapper
| Device       : xc7z020
-------------------------------------------------------------------------------------------------

Control Set Information

Table of Contents
-----------------
1. Summary
2. Flip-Flop Distribution
3. Detailed Control Set Information

1. Summary
----------

+----------------------------------------------------------+-------+
|                          Status                          | Count |
+----------------------------------------------------------+-------+
| Number of unique control sets                            |    59 |
| Unused register locations in slices containing registers |    69 |
+----------------------------------------------------------+-------+


2. Flip-Flop Distribution
-------------------------

+--------------+-----------------------+------------------------+-----------------+--------------+
| Clock Enable | Synchronous Set/Reset | Asynchronous Set/Reset | Total Registers | Total Slices |
+--------------+-----------------------+------------------------+-----------------+--------------+
| No           | No                    | No                     |             103 |           35 |
| No           | No                    | Yes                    |               1 |            1 |
| No           | Yes                   | No                     |             115 |           35 |
| Yes          | No                    | No                     |             306 |           78 |
| Yes          | No                    | Yes                    |              64 |           16 |
| Yes          | Yes                   | No                     |             246 |           61 |
+--------------+-----------------------+------------------------+-----------------+--------------+


3. Detailed Control Set Information
-----------------------------------

+-----------------------------------------------------+--------------------------------------------------------------------------------------------------------------------------------------------------------------------+---------------------------------------------------------------------------------------------------------------------------------------------------------------+------------------+----------------+
|                     Clock Signal                    |                                                                            Enable Signal                                                                           |                                                                        Set/Reset Signal                                                                       | Slice Load Count | Bel Load Count |
+-----------------------------------------------------+--------------------------------------------------------------------------------------------------------------------------------------------------------------------+---------------------------------------------------------------------------------------------------------------------------------------------------------------+------------------+----------------+
|  pwm_design_1_i/processing_system7_0/inst/FCLK_CLK0 |                                                                                                                                                                    | pwm_design_1_i/dec_pwm_0/inst/dec_pwm_v1_0_S00_AXI_inst/LED0/pwm_pin_i_1_n_0                                                                                  |                1 |              1 |
|  sig_in_IBUF_BUFG                                   |                                                                                                                                                                    | clr_IBUF                                                                                                                                                      |                1 |              1 |
|  pwm_design_1_i/processing_system7_0/inst/FCLK_CLK0 | pwm_design_1_i/processing_system7_0_axi_periph/s00_couplers/auto_pc/inst/gen_axilite.gen_b2s_conv.axilite_b2s/WR.b_channel_0/bid_fifo_0/bresp_push                 |                                                                                                                                                               |                1 |              2 |
|  pwm_design_1_i/processing_system7_0/inst/FCLK_CLK0 |                                                                                                                                                                    | pwm_design_1_i/processing_system7_0_axi_periph/s00_couplers/auto_pc/inst/gen_axilite.gen_b2s_conv.axilite_b2s/SI_REG/ar_pipe/m_valid_i_reg_0                  |                4 |              4 |
|  pwm_design_1_i/processing_system7_0/inst/FCLK_CLK0 |                                                                                                                                                                    | pwm_design_1_i/processing_system7_0_axi_periph/s00_couplers/auto_pc/inst/gen_axilite.gen_b2s_conv.axilite_b2s/SI_REG/aw_pipe/s_ready_i_reg_0                  |                4 |              4 |
|  pwm_design_1_i/processing_system7_0/inst/FCLK_CLK0 | pwm_design_1_i/processing_system7_0_axi_periph/s00_couplers/auto_pc/inst/gen_axilite.gen_b2s_conv.axilite_b2s/RD.ar_channel_0/ar_cmd_fsm_0/axlen_cnt_reg[3][0]     | pwm_design_1_i/processing_system7_0_axi_periph/s00_couplers/auto_pc/inst/gen_axilite.gen_b2s_conv.axilite_b2s/RD.ar_channel_0/ar_cmd_fsm_0/axlen_cnt_reg[7]   |                1 |              4 |
|  pwm_design_1_i/processing_system7_0/inst/FCLK_CLK0 |                                                                                                                                                                    | pwm_design_1_i/rst_processing_system7_0_100M/U0/EXT_LPF/lpf_int                                                                                               |                1 |              4 |
|  pwm_design_1_i/processing_system7_0/inst/FCLK_CLK0 | pwm_design_1_i/processing_system7_0_axi_periph/s00_couplers/auto_pc/inst/gen_axilite.gen_b2s_conv.axilite_b2s/WR.aw_channel_0/aw_cmd_fsm_0/axlen_cnt_reg[3][0]     | pwm_design_1_i/processing_system7_0_axi_periph/s00_couplers/auto_pc/inst/gen_axilite.gen_b2s_conv.axilite_b2s/WR.aw_channel_0/aw_cmd_fsm_0/axlen_cnt_reg[7]_1 |                2 |              4 |
|  pwm_design_1_i/processing_system7_0/inst/FCLK_CLK0 | pwm_design_1_i/rst_processing_system7_0_100M/U0/SEQ/seq_cnt_en                                                                                                     | pwm_design_1_i/rst_processing_system7_0_100M/U0/SEQ/SEQ_COUNTER/clear                                                                                         |                1 |              6 |
|  pwm_design_1_i/processing_system7_0/inst/FCLK_CLK0 | pwm_design_1_i/dec_pwm_0/inst/dec_pwm_v1_0_S00_AXI_inst/LED0/runner                                                                                                |                                                                                                                                                               |                3 |              8 |
|  pwm_design_1_i/processing_system7_0/inst/FCLK_CLK0 | pwm_design_1_i/dec_pwm_0/inst/dec_pwm_v1_0_S00_AXI_inst/slv_reg2[15]_i_1_n_0                                                                                       | pwm_design_1_i/dec_pwm_0/inst/dec_pwm_v1_0_S00_AXI_inst/slv_reg6[0]_i_1_n_0                                                                                   |                1 |              8 |
|  pwm_design_1_i/processing_system7_0/inst/FCLK_CLK0 | pwm_design_1_i/dec_pwm_0/inst/dec_pwm_v1_0_S00_AXI_inst/slv_reg2[23]_i_1_n_0                                                                                       | pwm_design_1_i/dec_pwm_0/inst/dec_pwm_v1_0_S00_AXI_inst/slv_reg6[0]_i_1_n_0                                                                                   |                2 |              8 |
|  pwm_design_1_i/processing_system7_0/inst/FCLK_CLK0 | pwm_design_1_i/dec_pwm_0/inst/dec_pwm_v1_0_S00_AXI_inst/slv_reg2[31]_i_1_n_0                                                                                       | pwm_design_1_i/dec_pwm_0/inst/dec_pwm_v1_0_S00_AXI_inst/slv_reg6[0]_i_1_n_0                                                                                   |                2 |              8 |
|  pwm_design_1_i/processing_system7_0/inst/FCLK_CLK0 | pwm_design_1_i/dec_pwm_0/inst/dec_pwm_v1_0_S00_AXI_inst/slv_reg2[7]_i_1_n_0                                                                                        | pwm_design_1_i/dec_pwm_0/inst/dec_pwm_v1_0_S00_AXI_inst/slv_reg6[0]_i_1_n_0                                                                                   |                3 |              8 |
|  pwm_design_1_i/processing_system7_0/inst/FCLK_CLK0 | pwm_design_1_i/dec_pwm_0/inst/dec_pwm_v1_0_S00_AXI_inst/slv_reg7[15]_i_1_n_0                                                                                       | pwm_design_1_i/dec_pwm_0/inst/dec_pwm_v1_0_S00_AXI_inst/slv_reg6[0]_i_1_n_0                                                                                   |                2 |              8 |
|  pwm_design_1_i/processing_system7_0/inst/FCLK_CLK0 | pwm_design_1_i/dec_pwm_0/inst/dec_pwm_v1_0_S00_AXI_inst/slv_reg3[23]_i_1_n_0                                                                                       | pwm_design_1_i/dec_pwm_0/inst/dec_pwm_v1_0_S00_AXI_inst/slv_reg6[0]_i_1_n_0                                                                                   |                2 |              8 |
|  pwm_design_1_i/processing_system7_0/inst/FCLK_CLK0 | pwm_design_1_i/dec_pwm_0/inst/dec_pwm_v1_0_S00_AXI_inst/slv_reg3[31]_i_1_n_0                                                                                       | pwm_design_1_i/dec_pwm_0/inst/dec_pwm_v1_0_S00_AXI_inst/slv_reg6[0]_i_1_n_0                                                                                   |                2 |              8 |
|  pwm_design_1_i/processing_system7_0/inst/FCLK_CLK0 | pwm_design_1_i/dec_pwm_0/inst/dec_pwm_v1_0_S00_AXI_inst/slv_reg3[7]_i_1_n_0                                                                                        | pwm_design_1_i/dec_pwm_0/inst/dec_pwm_v1_0_S00_AXI_inst/slv_reg6[0]_i_1_n_0                                                                                   |                1 |              8 |
|  pwm_design_1_i/processing_system7_0/inst/FCLK_CLK0 | pwm_design_1_i/dec_pwm_0/inst/dec_pwm_v1_0_S00_AXI_inst/slv_reg4[15]_i_1_n_0                                                                                       | pwm_design_1_i/dec_pwm_0/inst/dec_pwm_v1_0_S00_AXI_inst/slv_reg6[0]_i_1_n_0                                                                                   |                2 |              8 |
|  pwm_design_1_i/processing_system7_0/inst/FCLK_CLK0 | pwm_design_1_i/dec_pwm_0/inst/dec_pwm_v1_0_S00_AXI_inst/slv_reg4[23]_i_1_n_0                                                                                       | pwm_design_1_i/dec_pwm_0/inst/dec_pwm_v1_0_S00_AXI_inst/slv_reg6[0]_i_1_n_0                                                                                   |                1 |              8 |
|  pwm_design_1_i/processing_system7_0/inst/FCLK_CLK0 | pwm_design_1_i/dec_pwm_0/inst/dec_pwm_v1_0_S00_AXI_inst/slv_reg4[31]_i_1_n_0                                                                                       | pwm_design_1_i/dec_pwm_0/inst/dec_pwm_v1_0_S00_AXI_inst/slv_reg6[0]_i_1_n_0                                                                                   |                1 |              8 |
|  pwm_design_1_i/processing_system7_0/inst/FCLK_CLK0 | pwm_design_1_i/dec_pwm_0/inst/dec_pwm_v1_0_S00_AXI_inst/slv_reg4[7]_i_1_n_0                                                                                        | pwm_design_1_i/dec_pwm_0/inst/dec_pwm_v1_0_S00_AXI_inst/slv_reg6[0]_i_1_n_0                                                                                   |                3 |              8 |
|  pwm_design_1_i/processing_system7_0/inst/FCLK_CLK0 | pwm_design_1_i/dec_pwm_0/inst/dec_pwm_v1_0_S00_AXI_inst/slv_reg5[15]_i_1_n_0                                                                                       | pwm_design_1_i/dec_pwm_0/inst/dec_pwm_v1_0_S00_AXI_inst/slv_reg6[0]_i_1_n_0                                                                                   |                3 |              8 |
|  pwm_design_1_i/processing_system7_0/inst/FCLK_CLK0 | pwm_design_1_i/dec_pwm_0/inst/dec_pwm_v1_0_S00_AXI_inst/slv_reg5[23]_i_1_n_0                                                                                       | pwm_design_1_i/dec_pwm_0/inst/dec_pwm_v1_0_S00_AXI_inst/slv_reg6[0]_i_1_n_0                                                                                   |                2 |              8 |
|  pwm_design_1_i/processing_system7_0/inst/FCLK_CLK0 | pwm_design_1_i/dec_pwm_0/inst/dec_pwm_v1_0_S00_AXI_inst/slv_reg5[31]_i_1_n_0                                                                                       | pwm_design_1_i/dec_pwm_0/inst/dec_pwm_v1_0_S00_AXI_inst/slv_reg6[0]_i_1_n_0                                                                                   |                2 |              8 |
|  pwm_design_1_i/processing_system7_0/inst/FCLK_CLK0 | pwm_design_1_i/dec_pwm_0/inst/dec_pwm_v1_0_S00_AXI_inst/slv_reg5[7]_i_1_n_0                                                                                        | pwm_design_1_i/dec_pwm_0/inst/dec_pwm_v1_0_S00_AXI_inst/slv_reg6[0]_i_1_n_0                                                                                   |                2 |              8 |
|  pwm_design_1_i/processing_system7_0/inst/FCLK_CLK0 | pwm_design_1_i/dec_pwm_0/inst/dec_pwm_v1_0_S00_AXI_inst/slv_reg6[0]_i_2_n_0                                                                                        | pwm_design_1_i/dec_pwm_0/inst/dec_pwm_v1_0_S00_AXI_inst/slv_reg6[0]_i_1_n_0                                                                                   |                1 |              8 |
|  pwm_design_1_i/processing_system7_0/inst/FCLK_CLK0 | pwm_design_1_i/dec_pwm_0/inst/dec_pwm_v1_0_S00_AXI_inst/slv_reg6[15]_i_1_n_0                                                                                       | pwm_design_1_i/dec_pwm_0/inst/dec_pwm_v1_0_S00_AXI_inst/slv_reg6[0]_i_1_n_0                                                                                   |                1 |              8 |
|  pwm_design_1_i/processing_system7_0/inst/FCLK_CLK0 | pwm_design_1_i/dec_pwm_0/inst/dec_pwm_v1_0_S00_AXI_inst/slv_reg6[23]_i_1_n_0                                                                                       | pwm_design_1_i/dec_pwm_0/inst/dec_pwm_v1_0_S00_AXI_inst/slv_reg6[0]_i_1_n_0                                                                                   |                2 |              8 |
|  pwm_design_1_i/processing_system7_0/inst/FCLK_CLK0 | pwm_design_1_i/dec_pwm_0/inst/dec_pwm_v1_0_S00_AXI_inst/slv_reg7[7]_i_1_n_0                                                                                        | pwm_design_1_i/dec_pwm_0/inst/dec_pwm_v1_0_S00_AXI_inst/slv_reg6[0]_i_1_n_0                                                                                   |                2 |              8 |
|  pwm_design_1_i/processing_system7_0/inst/FCLK_CLK0 | pwm_design_1_i/processing_system7_0_axi_periph/s00_couplers/auto_pc/inst/gen_axilite.gen_b2s_conv.axilite_b2s/RD.ar_channel_0/ar_cmd_fsm_0/axaddr_incr_reg[11]     |                                                                                                                                                               |                2 |              8 |
|  pwm_design_1_i/processing_system7_0/inst/FCLK_CLK0 | pwm_design_1_i/processing_system7_0_axi_periph/s00_couplers/auto_pc/inst/gen_axilite.gen_b2s_conv.axilite_b2s/RD.ar_channel_0/ar_cmd_fsm_0/E[0]                    |                                                                                                                                                               |                3 |              8 |
|  pwm_design_1_i/processing_system7_0/inst/FCLK_CLK0 | pwm_design_1_i/processing_system7_0_axi_periph/s00_couplers/auto_pc/inst/gen_axilite.gen_b2s_conv.axilite_b2s/WR.aw_channel_0/aw_cmd_fsm_0/axaddr_incr_reg[11]     |                                                                                                                                                               |                2 |              8 |
|  pwm_design_1_i/processing_system7_0/inst/FCLK_CLK0 | pwm_design_1_i/dec_pwm_0/inst/dec_pwm_v1_0_S00_AXI_inst/slv_reg7[31]_i_1_n_0                                                                                       | pwm_design_1_i/dec_pwm_0/inst/dec_pwm_v1_0_S00_AXI_inst/slv_reg6[0]_i_1_n_0                                                                                   |                1 |              8 |
|  pwm_design_1_i/processing_system7_0/inst/FCLK_CLK0 | pwm_design_1_i/processing_system7_0_axi_periph/s00_couplers/auto_pc/inst/gen_axilite.gen_b2s_conv.axilite_b2s/WR.aw_channel_0/aw_cmd_fsm_0/E[0]                    |                                                                                                                                                               |                6 |              8 |
|  pwm_design_1_i/processing_system7_0/inst/FCLK_CLK0 | pwm_design_1_i/dec_pwm_0/inst/dec_pwm_v1_0_S00_AXI_inst/slv_reg3[15]_i_1_n_0                                                                                       | pwm_design_1_i/dec_pwm_0/inst/dec_pwm_v1_0_S00_AXI_inst/slv_reg6[0]_i_1_n_0                                                                                   |                2 |              8 |
|  pwm_design_1_i/processing_system7_0/inst/FCLK_CLK0 | pwm_design_1_i/dec_pwm_0/inst/dec_pwm_v1_0_S00_AXI_inst/slv_reg6[31]_i_1_n_0                                                                                       | pwm_design_1_i/dec_pwm_0/inst/dec_pwm_v1_0_S00_AXI_inst/slv_reg6[0]_i_1_n_0                                                                                   |                2 |              8 |
|  pwm_design_1_i/processing_system7_0/inst/FCLK_CLK0 | pwm_design_1_i/processing_system7_0_axi_periph/s00_couplers/auto_pc/inst/gen_axilite.gen_b2s_conv.axilite_b2s/WR.b_channel_0/mhandshake_r                          | pwm_design_1_i/processing_system7_0_axi_periph/s00_couplers/auto_pc/inst/gen_axilite.gen_b2s_conv.axilite_b2s/WR.b_channel_0/bid_fifo_0/SR[0]                 |                2 |              8 |
|  pwm_design_1_i/processing_system7_0/inst/FCLK_CLK0 | pwm_design_1_i/dec_pwm_0/inst/dec_pwm_v1_0_S00_AXI_inst/slv_reg7[23]_i_1_n_0                                                                                       | pwm_design_1_i/dec_pwm_0/inst/dec_pwm_v1_0_S00_AXI_inst/slv_reg6[0]_i_1_n_0                                                                                   |                2 |              8 |
|  pwm_design_1_i/processing_system7_0/inst/FCLK_CLK0 |                                                                                                                                                                    | pwm_design_1_i/dec_pwm_0/inst/dec_pwm_v1_0_S00_AXI_inst/slv_reg6[0]_i_1_n_0                                                                                   |                4 |             11 |
|  pwm_design_1_i/processing_system7_0/inst/FCLK_CLK0 | pwm_design_1_i/processing_system7_0_axi_periph/s00_couplers/auto_pc/inst/gen_axilite.gen_b2s_conv.axilite_b2s/RD.r_channel_0/r_push_r                              |                                                                                                                                                               |                4 |             13 |
|  pwm_design_1_i/processing_system7_0/inst/FCLK_CLK0 | pwm_design_1_i/processing_system7_0_axi_periph/s00_couplers/auto_pc/inst/gen_axilite.gen_b2s_conv.axilite_b2s/SI_REG/b_pipe/p_1_in                                 |                                                                                                                                                               |                2 |             14 |
|  pwm_design_1_i/processing_system7_0/inst/FCLK_CLK0 | pwm_design_1_i/processing_system7_0_axi_periph/s00_couplers/auto_pc/inst/gen_axilite.gen_b2s_conv.axilite_b2s/SI_REG/b_pipe/skid_buffer_reg[0]_0                   |                                                                                                                                                               |                2 |             14 |
|  pwm_design_1_i/processing_system7_0/inst/FCLK_CLK0 | pwm_design_1_i/processing_system7_0_axi_periph/s00_couplers/auto_pc/inst/gen_axilite.gen_b2s_conv.axilite_b2s/RD.ar_channel_0/ar_cmd_fsm_0/axlen_cnt_reg[3][0]     |                                                                                                                                                               |                6 |             16 |
|  pwm_design_1_i/processing_system7_0/inst/FCLK_CLK0 | pwm_design_1_i/processing_system7_0_axi_periph/s00_couplers/auto_pc/inst/gen_axilite.gen_b2s_conv.axilite_b2s/WR.aw_channel_0/aw_cmd_fsm_0/axlen_cnt_reg[3][0]     |                                                                                                                                                               |                5 |             16 |
|  pwm_design_1_i/processing_system7_0/inst/FCLK_CLK0 | pwm_design_1_i/processing_system7_0_axi_periph/s00_couplers/auto_pc/inst/gen_axilite.gen_b2s_conv.axilite_b2s/WR.aw_channel_0/aw_cmd_fsm_0/axlen_cnt_reg[7]_2      |                                                                                                                                                               |                5 |             20 |
|  pwm_design_1_i/processing_system7_0/inst/FCLK_CLK0 | pwm_design_1_i/processing_system7_0_axi_periph/s00_couplers/auto_pc/inst/gen_axilite.gen_b2s_conv.axilite_b2s/RD.ar_channel_0/ar_cmd_fsm_0/m_payload_i_reg[0]_1[0] |                                                                                                                                                               |                9 |             28 |
|  pwm_design_1_i/processing_system7_0/inst/FCLK_CLK0 | pwm_design_1_i/processing_system7_0_axi_periph/s00_couplers/auto_pc/inst/gen_axilite.gen_b2s_conv.axilite_b2s/SI_REG/aw_pipe/skid_buffer_reg[0]_0                  |                                                                                                                                                               |                7 |             28 |
|  pwm_design_1_i/processing_system7_0/inst/FCLK_CLK0 | pwm_design_1_i/processing_system7_0_axi_periph/s00_couplers/auto_pc/inst/gen_axilite.gen_b2s_conv.axilite_b2s/WR.aw_channel_0/aw_cmd_fsm_0/m_payload_i_reg[0][0]   |                                                                                                                                                               |                7 |             28 |
|  pwm_design_1_i/processing_system7_0/inst/FCLK_CLK0 | pwm_design_1_i/processing_system7_0_axi_periph/s00_couplers/auto_pc/inst/gen_axilite.gen_b2s_conv.axilite_b2s/SI_REG/ar_pipe/skid_buffer_reg[0]_0                  |                                                                                                                                                               |                6 |             28 |
|  pwm_design_1_i/processing_system7_0/inst/FCLK_CLK0 | pwm_design_1_i/dec_pwm_0/inst/dec_pwm_v1_0_S00_AXI_inst/slv_reg_rden__0                                                                                            | pwm_design_1_i/dec_pwm_0/inst/dec_pwm_v1_0_S00_AXI_inst/slv_reg6[0]_i_1_n_0                                                                                   |               11 |             32 |
|  pwm_design_1_i/processing_system7_0/inst/FCLK_CLK0 | pwm_design_1_i/dec_pwm_0/inst/dec_pwm_v1_0_S00_AXI_inst/u1/cal_enr                                                                                                 | clr_IBUF                                                                                                                                                      |                8 |             32 |
|  pwm_design_1_i/processing_system7_0/inst/FCLK_CLK0 |                                                                                                                                                                    | pwm_design_1_i/dec_pwm_0/inst/dec_pwm_v1_0_S00_AXI_inst/LED0/clear                                                                                            |                8 |             32 |
|  sig_in_IBUF_BUFG                                   | pwm_design_1_i/dec_pwm_0/inst/dec_pwm_v1_0_S00_AXI_inst/u1/cal_enr                                                                                                 | clr_IBUF                                                                                                                                                      |                8 |             32 |
|  pwm_design_1_i/processing_system7_0/inst/FCLK_CLK0 | pwm_design_1_i/processing_system7_0_axi_periph/s00_couplers/auto_pc/inst/gen_axilite.gen_b2s_conv.axilite_b2s/RD.r_channel_0/rd_data_fifo_0/wr_en0                 |                                                                                                                                                               |                9 |             34 |
|  pwm_design_1_i/processing_system7_0/inst/FCLK_CLK0 | pwm_design_1_i/processing_system7_0_axi_periph/s00_couplers/auto_pc/inst/gen_axilite.gen_b2s_conv.axilite_b2s/SI_REG/r_pipe/p_1_in                                 |                                                                                                                                                               |                9 |             47 |
|  pwm_design_1_i/processing_system7_0/inst/FCLK_CLK0 | pwm_design_1_i/processing_system7_0_axi_periph/s00_couplers/auto_pc/inst/gen_axilite.gen_b2s_conv.axilite_b2s/SI_REG/r_pipe/skid_buffer_reg[0]_0                   |                                                                                                                                                               |                9 |             47 |
|  pwm_design_1_i/processing_system7_0/inst/FCLK_CLK0 |                                                                                                                                                                    | pwm_design_1_i/processing_system7_0_axi_periph/s00_couplers/auto_pc/inst/gen_axilite.gen_b2s_conv.axilite_b2s/areset_d1                                       |               13 |             59 |
|  pwm_design_1_i/processing_system7_0/inst/FCLK_CLK0 |                                                                                                                                                                    |                                                                                                                                                               |               36 |            104 |
+-----------------------------------------------------+--------------------------------------------------------------------------------------------------------------------------------------------------------------------+---------------------------------------------------------------------------------------------------------------------------------------------------------------+------------------+----------------+


